<?xml version="1.0" encoding="UTF-8"?>
<!-- Generated by org.testng.reporters.JUnitXMLReporter -->
<testsuite hostname="E540" failures="0" tests="2" name="Test" time="15.22" errors="0" timestamp="19 Aug 2019 22:55:04 GMT">
  <testcase classname="PHPTravels.HomePageSignUp" name="baseHomePageSignUp" time="9.676"/>
  <testcase classname="PHPTravels.AccountPageSignOut" name="baseAccountPageSignOut" time="0.001">
    <skipped/>
  </testcase> <!-- baseAccountPageSignOut -->
</testsuite> <!-- Test -->
