<?xml version="1.0" encoding="UTF-8"?>
<testng-results total="1" passed="1" failed="0" skipped="0">
  <reporter-output>
  </reporter-output>
  <suite started-at="2019-08-28T12:13:05Z" name="Default suite" finished-at="2019-08-28T12:13:24Z" duration-ms="18882">
    <groups>
    </groups>
    <test started-at="2019-08-28T12:13:05Z" name="Default test" finished-at="2019-08-28T12:13:24Z" duration-ms="18882">
      <class name="PHPTravels.AccountNameDisplayed">
        <test-method is-config="true" signature="initializeDriver()[pri:0, instance:PHPTravels.AccountNameDisplayed@6913c1fb]" started-at="2019-08-28T13:13:05Z" name="initializeDriver" finished-at="2019-08-28T13:13:08Z" duration-ms="3492" status="PASS">
          <reporter-output>
          </reporter-output>
        </test-method> <!-- initializeDriver -->
        <test-method signature="baseHomePageSignIn(java.lang.String, java.lang.String, java.lang.String)[pri:0, instance:PHPTravels.AccountNameDisplayed@6913c1fb]" started-at="2019-08-28T13:13:08Z" name="baseHomePageSignIn" data-provider="getData" finished-at="2019-08-28T13:13:24Z" duration-ms="15266" status="PASS">
          <params>
            <param index="0">
              <value>
                <![CDATA[nf@nf.com]]>
              </value>
            </param>
            <param index="1">
              <value>
                <![CDATA[nf12345678]]>
              </value>
            </param>
            <param index="2">
              <value>
                <![CDATA[Hi, Nick Follower]]>
              </value>
            </param>
          </params>
          <reporter-output>
          </reporter-output>
        </test-method> <!-- baseHomePageSignIn -->
        <test-method is-config="true" signature="teardown()[pri:0, instance:PHPTravels.AccountNameDisplayed@6913c1fb]" started-at="2019-08-28T13:13:24Z" name="teardown" finished-at="2019-08-28T13:13:24Z" duration-ms="105" status="PASS">
          <reporter-output>
          </reporter-output>
        </test-method> <!-- teardown -->
      </class> <!-- PHPTravels.AccountNameDisplayed -->
    </test> <!-- Default test -->
  </suite> <!-- Default suite -->
</testng-results>
